
--- Job opf.gms Start 05/05/22 21:29:19 WEX-WEI 23.9.5 x86_64/MS Windows     
GAMS Rev 239  Copyright (C) 1987-2012 GAMS Development. All rights reserved
Licensee: Gary Goldstein                                 G010614:2121CA-WIN
          Decision Ware, Inc.                                        DC2807
--- Starting compilation
--- opf.gms(12) 2 Mb
--- GDXin=C:\Archivos\Wyller\academico\Matlab\doctorado\paper 2\ev load mod wo chs\in.gdx
--- opf.gms(50) 3 Mb
--- GDXin=C:\Archivos\Wyller\academico\Matlab\doctorado\paper 2\ev load mod wo chs\in.gdx
--- opf.gms(143) 3 Mb
--- Starting execution: elapsed 0:00:00.094
--- opf.gms(132) 4 Mb
--- Generating NLP model OPF
--- opf.gms(136) 6 Mb
---   231 rows  325 columns  969 non-zeroes
---   1,550 nl-code  480 nl-non-zeroes
--- opf.gms(136) 4 Mb
--- Executing CONOPT: elapsed 0:00:00.109
CONOPT 3         Jul  4, 2012 23.9.5 WEX 36376.36401 WEI x86_64/MS Windows    
 
 
    C O N O P T 3   version 3.15G
    Copyright (C)   ARKI Consulting and Development A/S
                    Bagsvaerdvej 246 A
                    DK-2880 Bagsvaerd, Denmark
 
 
   Iter Phase Ninf   Infeasibility   RGmax    NSB   Step InItr MX OK
      0   0        3.2073417108E+02 (Input point)
                                Pre-triangular equations:       41
                                Post-triangular equations:       2
      1   0        1.6260857012E+01 (After pre-processing)
      2   0        1.0364557002E+01 (After scaling)
     10   0    12  1.0364557002E+01               0.0E+00      F  F
     20   0    22  1.0364557002E+01               0.0E+00      F  F
     30   0    32  1.0364557002E+01               0.0E+00      F  F
     40   0    42  1.0364557002E+01               0.0E+00      F  F
     50   0    52  9.8826629355E+00               1.0E+00      F  T
 
   Iter Phase Ninf   Infeasibility   RGmax    NSB   Step InItr MX OK
     61   1    55  9.2483095172E+00 2.9E+01    51 4.2E-04    1 F  T
     71   1    55  9.2483082890E+00 3.2E+02    51 0.0E+00      F  T
     81   1    55  9.2483067439E+00 5.7E+01    50 6.8E-13      F  F
     91   1    55  9.2483066275E+00 1.6E+02    52 3.5E-03    1 F  F
    101   1    55  9.2483011237E+00 1.8E+02    52 4.1E-11      F  F
    111   1    55  9.2483010613E+00 1.9E+02    62 1.1E-12      F  F
    121   1    55  9.2482673267E+00 1.9E+01    63 6.4E-11      T  T
    131   1    55  9.2482673195E+00 1.1E+02    63 0.0E+00      T  T
    141   1    55  9.2482671822E+00 2.8E+01    63 0.0E+00      F  F
    151   1    55  9.2482670805E+00 3.6E+01    62 3.9E-11      F  F
 
   Iter Phase Ninf   Infeasibility   RGmax    NSB   Step InItr MX OK
    161   1    55  9.2482670265E+00 3.0E+01    65 6.4E-12      F  F
    170   0    51  9.2482647709E+00               0.0E+00      T  T
    180   0    55  9.1947224745E+00               1.0E+00      F  T
    181   1    55  9.1947177125E+00 1.9E+01    62 1.8E-09      F  F
    191   1    54  9.1946939042E+00 1.9E+01    62 2.1E-08      T  T
    201   1    49  6.9893911447E+00 1.9E+01    57 1.0E+00    1 T  T
    211   1    39  4.4353925273E+00 1.1E+01    50 0.0E+00    8 F  F
    216   1    39  4.3723431345E+00 1.5E+01    48 6.2E-02    1 F  F
    221   1    37  3.6463599129E+00 1.5E+01    47 1.1E-03      T  T
    231   1    35  3.2084470624E+00 7.5E+00    46 4.3E-05      T  T
 
   Iter Phase Ninf   Infeasibility   RGmax    NSB   Step InItr MX OK
    241   1    33  3.0906658905E+00 1.3E+01    43 1.9E-04      T  T
    251   1    31  3.0371901230E+00 9.3E+00    41 1.5E-04      T  T
    261   1    26  2.9300109303E+00 4.0E+00    36 4.7E-04      T  T
    271   1    26  2.9300109199E+00 5.1E+01    36 1.5E-14      F  F
    281   1    26  2.9300109173E+00 4.5E+00    39 0.0E+00      T  T
    291   1    26  2.9300108656E+00 2.0E+03    37 0.0E+00      T  T
    301   1    26  2.9300108485E+00 1.8E+02    37 0.0E+00      T  T
    306   1    26  2.9289174519E+00 1.3E+01    36 0.0E+00      F  F
    311   2    26  2.9289094514E+00 7.7E+01    36 1.1E-03      F  F
    316   1    26  2.9289094420E+00 1.0E+01    36 1.3E-11      F  F
 
   Iter Phase Ninf   Infeasibility   RGmax    NSB   Step InItr MX OK
    321   1    26  2.9289093725E+00 6.9E+01    41 0.0E+00      T  T
    326   1    26  2.9289093604E+00 2.6E+00    37 3.2E-10      F  F
    331   1    26  2.9263474816E+00 4.3E+00    38 0.0E+00      F  F
    336   1    26  2.9263446588E+00 2.0E+03    38 1.7E-13      F  F
    341   1    26  2.9194964311E+00 2.0E+04    38 8.4E-12      F  F
    346   1    26  2.9194712358E+00 9.0E+01    38 0.0E+00      F  F
    351   1    26  2.9194261012E+00 8.1E+00    41 8.1E-12      F  F
    356   2    26  2.8932289087E+00 8.4E+01    45 2.7E-01      F  F
    361   1    26  2.8853901684E+00 7.0E+01    45 2.4E-07      F  F
    366   1    26  2.8652716094E+00 2.0E+02    45 1.7E-07      F  F
 
   Iter Phase Ninf   Infeasibility   RGmax    NSB   Step InItr MX OK
    371   1    24  2.4826334978E+00 1.1E+02    44 3.0E-05      T  T
    376   1    24  2.4510658066E+00 5.0E+00    41 1.8E-06      F  F
    381   1    24  2.3996515364E+00 4.0E+00    39 5.0E-04      F  F
    386   1    22  2.3148948948E+00 1.5E+00    36 4.9E-01    3 F  F
    391   1    22  2.1935928690E+00 1.5E+00    35 1.1E-01    2 F  F
    401   1    15  1.8412766832E+00 1.4E+01    28 6.6E-05      T  T
    411   1     8  1.0552220680E+00 1.1E+00    33 1.0E+00    4 T  T
    416   1     6  6.9868459449E-01 7.7E-01    21 1.0E+00    1 T  T
    421   1     5  3.5793982017E-01 1.2E+00    16 7.1E-04      T  T
    426   1     1  4.5410450177E-03 5.5E-01    15 1.0E+00    6 T  T
 
 ** Feasible solution. Value of objective =    121.712341599
 
   Iter Phase Ninf     Objective     RGmax    NSB   Step InItr MX OK
    431   3        5.0557153802E+01 6.9E-01     5 4.4E-04      T  T
    436   4        5.0556932231E+01 9.2E-10     6
 
 ** Optimal solution. Reduced gradient less than tolerance.
 
--- Restarting execution
--- opf.gms(136) 2 Mb
--- Reading solution for model OPF
--- Executing after solve: elapsed 0:00:06.373
--- opf.gms(138) 3 Mb
*** Status: Normal completion
--- Job opf.gms Stop 05/05/22 21:29:25 elapsed 0:00:06.405
